<?xml version="1.0" encoding="UTF-8"?>
<testng-results ignored="0" total="1" passed="1" failed="0" skipped="0">
  <reporter-output>
  </reporter-output>
  <suite started-at="2023-03-11T17:33:28 CET" name="Default suite" finished-at="2023-03-11T17:33:40 CET" duration-ms="12466">
    <groups>
    </groups>
    <test started-at="2023-03-11T17:33:28 CET" name="Default test" finished-at="2023-03-11T17:33:40 CET" duration-ms="12466">
      <class name="x2_SLTest.SLTest">
        <test-method signature="SLLoginTest()[pri:0, instance:x2_SLTest.SLTest@3e6ef8ad]" started-at="2023-03-11T17:33:28 CET" name="SLLoginTest" finished-at="2023-03-11T17:33:40 CET" duration-ms="12427" status="PASS">
          <reporter-output>
          </reporter-output>
        </test-method> <!-- SLLoginTest -->
      </class> <!-- x2_SLTest.SLTest -->
    </test> <!-- Default test -->
  </suite> <!-- Default suite -->
</testng-results>
